# 2019.06.01 : 백 엔드 API 서버 환경 구축 : 
  npm install --save-dev body-parser 
# 2019.06.01 : Vuex Promise 사용. 지원하지 않는 브라우저 위한 폴리필 : 
  npm install --save es6-Promise
# 2019.06.02 : Typescript. 'require', 'module' Cannot find Error : 
  npm install --save-dev @types/node
# 2019.06.02 : HTTP Ajax 통신 라이브러리 : 
  npm install --save axios
# 2019.06.03 : Storybook (UI 개발 환경 툴) 도입 : [
  npm install -g @storybook/cli,
  (getstorybook init --type Vuex),
  (npm run storybook)
]
# 2019.06.06 : karma, sinon 도입 (Vue UI 설치) : [
  "mocha": "^6.1.4",
  "sinon": "^7.3.2",
  "sinon-chai": "^3.3.0",
  "karma": "^4.1.0",
  "karma-chrome-launcher": "^2.2.0",
  "karma-coverage": "^1.1.2",
  "karma-mocha": "^1.3.0",
  "karma-sinon-chai": "^2.0.2",
  "karma-sourcemap-loader": "^0.3.7",
  "karma-spec-reporter": "0.0.32",
  "karma-webpack": "^3.0.5",	
  "@types/chai": "^4.1.0",
  "@types/karma": "^3.0.3",
  "@types/karma-coverage": "^1.1.1",
  "@types/karma-webpack": "^2.0.7",
  "@types/mocha": "^5.2.7",
  "@types/sinon": "^7.0.12",
  "@types/sinon-chai": "^3.2.2",
  "@types/storybook__vue": "^5.0.2",
]
# 2019.06.08 : Error 'npm install --save-dev @babel/plugin-transform-modules-commonjs' : [
  npm install --save-dev @babel/plugin-transform-modules-commonjs
  plugins: [ '@babel/plugin-transform-modules-commonjs' ]
]
# 2019.06.08 : Typescript 추가 타입 설치 : [
  npm install --save-dev @types/body-parser,
  npm install --save-dev @types/express
]
# 2019.06.10 : Storybook Typescript 로더를 위한 설치 : [
  npm install --save-dev fork-ts-checker-webpack-plugin
]
# 2019.06.19 : 비동기 테스트 flush-promises : [ 
  npm install --save-dev flush-promises 
]
# 2019.06.20 : 오류 추적 Sentry 설치 : [
  npm install @sentry/browser,
  npm install @sentry/integrations
]
# 2019.06.25 : sinon-stub-promise : [
  npm install --save-dev sinon-stub-promise
  npm install --save-dev @types/sinon-stub-promise
]
# 2019.06.26 : vue-i18n : [
  vue add i18n
  npm i --save-dev @kazupon/vue-i18n-loader
  npm install --save-dev eslint-plugin-vue-i18n
]